<?xml version="1.0" encoding="UTF-8"?>
<testng-results skipped="0" failed="2" ignored="0" total="10" passed="8">
  <reporter-output>
    <line>
      <![CDATA[data not present]]>
    </line>
    <line>
      <![CDATA[data not present]]>
    </line>
  </reporter-output>
  <suite name="Suite" duration-ms="611884" started-at="2018-06-25T10:09:18Z" finished-at="2018-06-25T10:19:30Z">
    <groups>
    </groups>
    <test name="Test" duration-ms="611884" started-at="2018-06-25T10:09:18Z" finished-at="2018-06-25T10:19:30Z">
      <class name="Scripts.Testcase8">
        <test-method status="PASS" signature="open()[pri:0, instance:Scripts.Testcase8@6f195bc3]" name="open" is-config="true" duration-ms="13578" started-at="2018-06-25T10:17:35Z" finished-at="2018-06-25T10:17:49Z">
          <reporter-output>
          </reporter-output>
        </test-method> <!-- open -->
        <test-method status="PASS" signature="test9()[pri:0, instance:Scripts.Testcase8@6f195bc3]" name="test9" duration-ms="41998" started-at="2018-06-25T10:17:49Z" finished-at="2018-06-25T10:18:31Z">
          <reporter-output>
          </reporter-output>
        </test-method> <!-- test9 -->
        <test-method status="PASS" signature="closeapp()[pri:0, instance:Scripts.Testcase8@6f195bc3]" name="closeapp" is-config="true" duration-ms="762" started-at="2018-06-25T10:18:31Z" finished-at="2018-06-25T10:18:31Z">
          <reporter-output>
          </reporter-output>
        </test-method> <!-- closeapp -->
      </class> <!-- Scripts.Testcase8 -->
      <class name="Scripts.Testcase9">
        <test-method status="PASS" signature="open()[pri:0, instance:Scripts.Testcase9@51e2adc7]" name="open" is-config="true" duration-ms="13791" started-at="2018-06-25T10:18:31Z" finished-at="2018-06-25T10:18:45Z">
          <reporter-output>
          </reporter-output>
        </test-method> <!-- open -->
        <test-method status="PASS" signature="test()[pri:0, instance:Scripts.Testcase9@51e2adc7]" name="test" duration-ms="44324" started-at="2018-06-25T10:18:45Z" finished-at="2018-06-25T10:19:29Z">
          <reporter-output>
          </reporter-output>
        </test-method> <!-- test -->
        <test-method status="PASS" signature="closeapp()[pri:0, instance:Scripts.Testcase9@51e2adc7]" name="closeapp" is-config="true" duration-ms="758" started-at="2018-06-25T10:19:29Z" finished-at="2018-06-25T10:19:30Z">
          <reporter-output>
          </reporter-output>
        </test-method> <!-- closeapp -->
      </class> <!-- Scripts.Testcase9 -->
      <class name="Scripts.Testcase4">
        <test-method status="PASS" signature="open()[pri:0, instance:Scripts.Testcase4@4d50efb8]" name="open" is-config="true" duration-ms="18446" started-at="2018-06-25T10:12:20Z" finished-at="2018-06-25T10:12:38Z">
          <reporter-output>
          </reporter-output>
        </test-method> <!-- open -->
        <test-method status="PASS" signature="actoin5()[pri:0, instance:Scripts.Testcase4@4d50efb8]" name="actoin5" duration-ms="56653" started-at="2018-06-25T10:12:38Z" finished-at="2018-06-25T10:13:35Z">
          <reporter-output>
            <line>
              <![CDATA[data not present]]>
            </line>
          </reporter-output>
        </test-method> <!-- actoin5 -->
        <test-method status="PASS" signature="closeapp()[pri:0, instance:Scripts.Testcase4@4d50efb8]" name="closeapp" is-config="true" duration-ms="905" started-at="2018-06-25T10:13:35Z" finished-at="2018-06-25T10:13:36Z">
          <reporter-output>
          </reporter-output>
        </test-method> <!-- closeapp -->
      </class> <!-- Scripts.Testcase4 -->
      <class name="Scripts.Testcase5">
        <test-method status="PASS" signature="open()[pri:0, instance:Scripts.Testcase5@7e2d773b]" name="open" is-config="true" duration-ms="42458" started-at="2018-06-25T10:13:36Z" finished-at="2018-06-25T10:14:18Z">
          <reporter-output>
          </reporter-output>
        </test-method> <!-- open -->
        <test-method status="FAIL" signature="action6()[pri:0, instance:Scripts.Testcase5@7e2d773b]" name="action6" duration-ms="4699" started-at="2018-06-25T10:14:18Z" finished-at="2018-06-25T10:14:23Z">
          <exception class="org.openqa.selenium.NoSuchElementException">
            <message>
              <![CDATA[Unable to locate element: (//a[contains(@class,'_2s25')])[2]
For documentation on this error, please visit: http://seleniumhq.org/exceptions/no_such_element.html
Build info: version: '3.4.0', revision: 'unknown', time: 'unknown'
System info: host: 'I', ip: '192.168.1.251', os.name: 'Windows 8', os.arch: 'amd64', os.version: '6.2', java.version: '1.8.0_151'
Driver info: org.openqa.selenium.firefox.FirefoxDriver
Capabilities [{rotatable=false, raisesAccessibilityExceptions=false, appBuildId=20161031133903, version=47.0.2, platform=XP, proxy=Proxy(), command_id=1.0, specificationLevel=0.0, acceptSslCerts=false, browserVersion=47.0.2, platformVersion=6.2, XULappId={ec8030f7-c20a-464f-9b0e-13a3a9e97384}, browserName=Firefox, takesScreenshot=true, takesElementScreenshot=true, javascriptEnabled=true, platformName=Windows_NT, device=desktop}]
Session ID: 67360fe7-337b-4f13-801a-4fe438c07d40
*** Element info: {Using=xpath, value=(//a[contains(@class,'_2s25')])[2]}]]>
            </message>
            <full-stacktrace>
              <![CDATA[org.openqa.selenium.NoSuchElementException: Unable to locate element: (//a[contains(@class,'_2s25')])[2]
For documentation on this error, please visit: http://seleniumhq.org/exceptions/no_such_element.html
Build info: version: '3.4.0', revision: 'unknown', time: 'unknown'
System info: host: 'I', ip: '192.168.1.251', os.name: 'Windows 8', os.arch: 'amd64', os.version: '6.2', java.version: '1.8.0_151'
Driver info: org.openqa.selenium.firefox.FirefoxDriver
Capabilities [{rotatable=false, raisesAccessibilityExceptions=false, appBuildId=20161031133903, version=47.0.2, platform=XP, proxy=Proxy(), command_id=1.0, specificationLevel=0.0, acceptSslCerts=false, browserVersion=47.0.2, platformVersion=6.2, XULappId={ec8030f7-c20a-464f-9b0e-13a3a9e97384}, browserName=Firefox, takesScreenshot=true, takesElementScreenshot=true, javascriptEnabled=true, platformName=Windows_NT, device=desktop}]
Session ID: 67360fe7-337b-4f13-801a-4fe438c07d40
*** Element info: {Using=xpath, value=(//a[contains(@class,'_2s25')])[2]}
at sun.reflect.NativeConstructorAccessorImpl.newInstance0(Native Method)
at sun.reflect.NativeConstructorAccessorImpl.newInstance(NativeConstructorAccessorImpl.java:62)
at sun.reflect.DelegatingConstructorAccessorImpl.newInstance(DelegatingConstructorAccessorImpl.java:45)
at java.lang.reflect.Constructor.newInstance(Constructor.java:423)
at org.openqa.selenium.remote.http.W3CHttpResponseCodec.createException(W3CHttpResponseCodec.java:150)
at org.openqa.selenium.remote.http.W3CHttpResponseCodec.decode(W3CHttpResponseCodec.java:115)
at org.openqa.selenium.remote.http.W3CHttpResponseCodec.decode(W3CHttpResponseCodec.java:45)
at org.openqa.selenium.remote.HttpCommandExecutor.execute(HttpCommandExecutor.java:164)
at org.openqa.selenium.remote.service.DriverCommandExecutor.execute(DriverCommandExecutor.java:82)
at org.openqa.selenium.remote.RemoteWebDriver.execute(RemoteWebDriver.java:637)
at org.openqa.selenium.remote.RemoteWebDriver.findElement(RemoteWebDriver.java:410)
at org.openqa.selenium.remote.RemoteWebDriver.findElementByXPath(RemoteWebDriver.java:509)
at org.openqa.selenium.By$ByXPath.findElement(By.java:361)
at org.openqa.selenium.remote.RemoteWebDriver.findElement(RemoteWebDriver.java:402)
at org.openqa.selenium.support.pagefactory.DefaultElementLocator.findElement(DefaultElementLocator.java:69)
at org.openqa.selenium.support.pagefactory.internal.LocatingElementHandler.invoke(LocatingElementHandler.java:38)
at com.sun.proxy.$Proxy7.click(Unknown Source)
at POM.HomePage.home(HomePage.java:65)
at Scripts.Testcase5.action6(Testcase5.java:24)
at sun.reflect.NativeMethodAccessorImpl.invoke0(Native Method)
at sun.reflect.NativeMethodAccessorImpl.invoke(NativeMethodAccessorImpl.java:62)
at sun.reflect.DelegatingMethodAccessorImpl.invoke(DelegatingMethodAccessorImpl.java:43)
at java.lang.reflect.Method.invoke(Method.java:498)
at org.testng.internal.MethodInvocationHelper.invokeMethod(MethodInvocationHelper.java:124)
at org.testng.internal.Invoker.invokeMethod(Invoker.java:580)
at org.testng.internal.Invoker.invokeTestMethod(Invoker.java:716)
at org.testng.internal.Invoker.invokeTestMethods(Invoker.java:988)
at org.testng.internal.TestMethodWorker.invokeTestMethods(TestMethodWorker.java:125)
at org.testng.internal.TestMethodWorker.run(TestMethodWorker.java:109)
at org.testng.TestRunner.privateRun(TestRunner.java:648)
at org.testng.TestRunner.run(TestRunner.java:505)
at org.testng.SuiteRunner.runTest(SuiteRunner.java:455)
at org.testng.SuiteRunner.runSequentially(SuiteRunner.java:450)
at org.testng.SuiteRunner.privateRun(SuiteRunner.java:415)
at org.testng.SuiteRunner.run(SuiteRunner.java:364)
at org.testng.SuiteRunnerWorker.runSuite(SuiteRunnerWorker.java:52)
at org.testng.SuiteRunnerWorker.run(SuiteRunnerWorker.java:84)
at org.testng.TestNG.runSuitesSequentially(TestNG.java:1208)
at org.testng.TestNG.runSuitesLocally(TestNG.java:1137)
at org.testng.TestNG.runSuites(TestNG.java:1049)
at org.testng.TestNG.run(TestNG.java:1017)
at org.testng.remote.AbstractRemoteTestNG.run(AbstractRemoteTestNG.java:114)
at org.testng.remote.RemoteTestNG.initAndRun(RemoteTestNG.java:251)
at org.testng.remote.RemoteTestNG.main(RemoteTestNG.java:77)
]]>
            </full-stacktrace>
          </exception> <!-- org.openqa.selenium.NoSuchElementException -->
          <reporter-output>
          </reporter-output>
        </test-method> <!-- action6 -->
        <test-method status="PASS" signature="closeapp()[pri:0, instance:Scripts.Testcase5@7e2d773b]" name="closeapp" is-config="true" duration-ms="585" started-at="2018-06-25T10:14:23Z" finished-at="2018-06-25T10:14:24Z">
          <reporter-output>
          </reporter-output>
        </test-method> <!-- closeapp -->
      </class> <!-- Scripts.Testcase5 -->
      <class name="Scripts.Testcase6">
        <test-method status="PASS" signature="open()[pri:0, instance:Scripts.Testcase6@307f6b8c]" name="open" is-config="true" duration-ms="41595" started-at="2018-06-25T10:15:13Z" finished-at="2018-06-25T10:15:55Z">
          <reporter-output>
          </reporter-output>
        </test-method> <!-- open -->
        <test-method status="PASS" signature="action7()[pri:0, instance:Scripts.Testcase6@307f6b8c]" name="action7" duration-ms="40848" started-at="2018-06-25T10:15:55Z" finished-at="2018-06-25T10:16:36Z">
          <reporter-output>
          </reporter-output>
        </test-method> <!-- action7 -->
        <test-method status="PASS" signature="closeapp()[pri:0, instance:Scripts.Testcase6@307f6b8c]" name="closeapp" is-config="true" duration-ms="904" started-at="2018-06-25T10:16:36Z" finished-at="2018-06-25T10:16:37Z">
          <reporter-output>
          </reporter-output>
        </test-method> <!-- closeapp -->
      </class> <!-- Scripts.Testcase6 -->
      <class name="Scripts.Testcase7">
        <test-method status="PASS" signature="open()[pri:0, instance:Scripts.Testcase7@7a187f14]" name="open" is-config="true" duration-ms="13805" started-at="2018-06-25T10:16:37Z" finished-at="2018-06-25T10:16:50Z">
          <reporter-output>
          </reporter-output>
        </test-method> <!-- open -->
        <test-method status="PASS" signature="test8()[pri:0, instance:Scripts.Testcase7@7a187f14]" name="test8" duration-ms="43861" started-at="2018-06-25T10:16:50Z" finished-at="2018-06-25T10:17:34Z">
          <reporter-output>
          </reporter-output>
        </test-method> <!-- test8 -->
        <test-method status="PASS" signature="closeapp()[pri:0, instance:Scripts.Testcase7@7a187f14]" name="closeapp" is-config="true" duration-ms="680" started-at="2018-06-25T10:17:34Z" finished-at="2018-06-25T10:17:35Z">
          <reporter-output>
          </reporter-output>
        </test-method> <!-- closeapp -->
      </class> <!-- Scripts.Testcase7 -->
      <class name="Scripts.Testcase10">
        <test-method status="PASS" signature="open()[pri:0, instance:Scripts.Testcase10@2173f6d9]" name="open" is-config="true" duration-ms="40483" started-at="2018-06-25T10:14:24Z" finished-at="2018-06-25T10:15:04Z">
          <reporter-output>
          </reporter-output>
        </test-method> <!-- open -->
        <test-method status="FAIL" signature="test2()[pri:0, instance:Scripts.Testcase10@2173f6d9]" name="test2" duration-ms="8458" started-at="2018-06-25T10:15:04Z" finished-at="2018-06-25T10:15:13Z">
          <exception class="org.openqa.selenium.NoSuchElementException">
            <message>
              <![CDATA[Unable to locate element: //div[.='Events']
For documentation on this error, please visit: http://seleniumhq.org/exceptions/no_such_element.html
Build info: version: '3.4.0', revision: 'unknown', time: 'unknown'
System info: host: 'I', ip: '192.168.1.251', os.name: 'Windows 8', os.arch: 'amd64', os.version: '6.2', java.version: '1.8.0_151'
Driver info: org.openqa.selenium.firefox.FirefoxDriver
Capabilities [{rotatable=false, raisesAccessibilityExceptions=false, appBuildId=20161031133903, version=47.0.2, platform=XP, proxy=Proxy(), command_id=1.0, specificationLevel=0.0, acceptSslCerts=false, browserVersion=47.0.2, platformVersion=6.2, XULappId={ec8030f7-c20a-464f-9b0e-13a3a9e97384}, browserName=Firefox, takesScreenshot=true, takesElementScreenshot=true, javascriptEnabled=true, platformName=Windows_NT, device=desktop}]
Session ID: 43a98b65-664d-475a-82ab-e3be37993e02
*** Element info: {Using=xpath, value=//div[.='Events']}]]>
            </message>
            <full-stacktrace>
              <![CDATA[org.openqa.selenium.NoSuchElementException: Unable to locate element: //div[.='Events']
For documentation on this error, please visit: http://seleniumhq.org/exceptions/no_such_element.html
Build info: version: '3.4.0', revision: 'unknown', time: 'unknown'
System info: host: 'I', ip: '192.168.1.251', os.name: 'Windows 8', os.arch: 'amd64', os.version: '6.2', java.version: '1.8.0_151'
Driver info: org.openqa.selenium.firefox.FirefoxDriver
Capabilities [{rotatable=false, raisesAccessibilityExceptions=false, appBuildId=20161031133903, version=47.0.2, platform=XP, proxy=Proxy(), command_id=1.0, specificationLevel=0.0, acceptSslCerts=false, browserVersion=47.0.2, platformVersion=6.2, XULappId={ec8030f7-c20a-464f-9b0e-13a3a9e97384}, browserName=Firefox, takesScreenshot=true, takesElementScreenshot=true, javascriptEnabled=true, platformName=Windows_NT, device=desktop}]
Session ID: 43a98b65-664d-475a-82ab-e3be37993e02
*** Element info: {Using=xpath, value=//div[.='Events']}
at sun.reflect.NativeConstructorAccessorImpl.newInstance0(Native Method)
at sun.reflect.NativeConstructorAccessorImpl.newInstance(NativeConstructorAccessorImpl.java:62)
at sun.reflect.DelegatingConstructorAccessorImpl.newInstance(DelegatingConstructorAccessorImpl.java:45)
at java.lang.reflect.Constructor.newInstance(Constructor.java:423)
at org.openqa.selenium.remote.http.W3CHttpResponseCodec.createException(W3CHttpResponseCodec.java:150)
at org.openqa.selenium.remote.http.W3CHttpResponseCodec.decode(W3CHttpResponseCodec.java:115)
at org.openqa.selenium.remote.http.W3CHttpResponseCodec.decode(W3CHttpResponseCodec.java:45)
at org.openqa.selenium.remote.HttpCommandExecutor.execute(HttpCommandExecutor.java:164)
at org.openqa.selenium.remote.service.DriverCommandExecutor.execute(DriverCommandExecutor.java:82)
at org.openqa.selenium.remote.RemoteWebDriver.execute(RemoteWebDriver.java:637)
at org.openqa.selenium.remote.RemoteWebDriver.findElement(RemoteWebDriver.java:410)
at org.openqa.selenium.remote.RemoteWebDriver.findElementByXPath(RemoteWebDriver.java:509)
at org.openqa.selenium.By$ByXPath.findElement(By.java:361)
at org.openqa.selenium.remote.RemoteWebDriver.findElement(RemoteWebDriver.java:402)
at org.openqa.selenium.support.pagefactory.DefaultElementLocator.findElement(DefaultElementLocator.java:69)
at org.openqa.selenium.support.pagefactory.internal.LocatingElementHandler.invoke(LocatingElementHandler.java:38)
at com.sun.proxy.$Proxy7.click(Unknown Source)
at POM.HomePage.events(HomePage.java:121)
at Scripts.Testcase10.test2(Testcase10.java:23)
at sun.reflect.NativeMethodAccessorImpl.invoke0(Native Method)
at sun.reflect.NativeMethodAccessorImpl.invoke(NativeMethodAccessorImpl.java:62)
at sun.reflect.DelegatingMethodAccessorImpl.invoke(DelegatingMethodAccessorImpl.java:43)
at java.lang.reflect.Method.invoke(Method.java:498)
at org.testng.internal.MethodInvocationHelper.invokeMethod(MethodInvocationHelper.java:124)
at org.testng.internal.Invoker.invokeMethod(Invoker.java:580)
at org.testng.internal.Invoker.invokeTestMethod(Invoker.java:716)
at org.testng.internal.Invoker.invokeTestMethods(Invoker.java:988)
at org.testng.internal.TestMethodWorker.invokeTestMethods(TestMethodWorker.java:125)
at org.testng.internal.TestMethodWorker.run(TestMethodWorker.java:109)
at org.testng.TestRunner.privateRun(TestRunner.java:648)
at org.testng.TestRunner.run(TestRunner.java:505)
at org.testng.SuiteRunner.runTest(SuiteRunner.java:455)
at org.testng.SuiteRunner.runSequentially(SuiteRunner.java:450)
at org.testng.SuiteRunner.privateRun(SuiteRunner.java:415)
at org.testng.SuiteRunner.run(SuiteRunner.java:364)
at org.testng.SuiteRunnerWorker.runSuite(SuiteRunnerWorker.java:52)
at org.testng.SuiteRunnerWorker.run(SuiteRunnerWorker.java:84)
at org.testng.TestNG.runSuitesSequentially(TestNG.java:1208)
at org.testng.TestNG.runSuitesLocally(TestNG.java:1137)
at org.testng.TestNG.runSuites(TestNG.java:1049)
at org.testng.TestNG.run(TestNG.java:1017)
at org.testng.remote.AbstractRemoteTestNG.run(AbstractRemoteTestNG.java:114)
at org.testng.remote.RemoteTestNG.initAndRun(RemoteTestNG.java:251)
at org.testng.remote.RemoteTestNG.main(RemoteTestNG.java:77)
]]>
            </full-stacktrace>
          </exception> <!-- org.openqa.selenium.NoSuchElementException -->
          <reporter-output>
          </reporter-output>
        </test-method> <!-- test2 -->
        <test-method status="PASS" signature="closeapp()[pri:0, instance:Scripts.Testcase10@2173f6d9]" name="closeapp" is-config="true" duration-ms="542" started-at="2018-06-25T10:15:13Z" finished-at="2018-06-25T10:15:13Z">
          <reporter-output>
          </reporter-output>
        </test-method> <!-- closeapp -->
      </class> <!-- Scripts.Testcase10 -->
      <class name="Scripts.Testcase1">
        <test-method status="PASS" signature="open()[pri:0, instance:Scripts.Testcase1@3cb1ffe6]" name="open" is-config="true" duration-ms="17960" started-at="2018-06-25T10:09:18Z" finished-at="2018-06-25T10:09:36Z">
          <reporter-output>
          </reporter-output>
        </test-method> <!-- open -->
        <test-method status="PASS" signature="action1()[pri:0, instance:Scripts.Testcase1@3cb1ffe6]" name="action1" duration-ms="35619" started-at="2018-06-25T10:09:36Z" finished-at="2018-06-25T10:10:12Z">
          <reporter-output>
          </reporter-output>
        </test-method> <!-- action1 -->
        <test-method status="PASS" signature="closeapp()[pri:0, instance:Scripts.Testcase1@3cb1ffe6]" name="closeapp" is-config="true" duration-ms="1328" started-at="2018-06-25T10:10:12Z" finished-at="2018-06-25T10:10:13Z">
          <reporter-output>
          </reporter-output>
        </test-method> <!-- closeapp -->
      </class> <!-- Scripts.Testcase1 -->
      <class name="Scripts.Testcase2">
        <test-method status="PASS" signature="open()[pri:0, instance:Scripts.Testcase2@3dfc5fb8]" name="open" is-config="true" duration-ms="14515" started-at="2018-06-25T10:10:13Z" finished-at="2018-06-25T10:10:28Z">
          <reporter-output>
          </reporter-output>
        </test-method> <!-- open -->
        <test-method status="PASS" signature="action3()[pri:0, instance:Scripts.Testcase2@3dfc5fb8]" name="action3" duration-ms="43583" started-at="2018-06-25T10:10:28Z" finished-at="2018-06-25T10:11:11Z">
          <reporter-output>
            <line>
              <![CDATA[data not present]]>
            </line>
          </reporter-output>
        </test-method> <!-- action3 -->
        <test-method status="PASS" signature="closeapp()[pri:0, instance:Scripts.Testcase2@3dfc5fb8]" name="closeapp" is-config="true" duration-ms="1109" started-at="2018-06-25T10:11:11Z" finished-at="2018-06-25T10:11:12Z">
          <reporter-output>
          </reporter-output>
        </test-method> <!-- closeapp -->
      </class> <!-- Scripts.Testcase2 -->
      <class name="Scripts.Testcase3">
        <test-method status="PASS" signature="open()[pri:0, instance:Scripts.Testcase3@467aecef]" name="open" is-config="true" duration-ms="14220" started-at="2018-06-25T10:11:12Z" finished-at="2018-06-25T10:11:27Z">
          <reporter-output>
          </reporter-output>
        </test-method> <!-- open -->
        <test-method status="PASS" signature="action4()[pri:0, instance:Scripts.Testcase3@467aecef]" name="action4" duration-ms="52539" started-at="2018-06-25T10:11:27Z" finished-at="2018-06-25T10:12:19Z">
          <reporter-output>
          </reporter-output>
        </test-method> <!-- action4 -->
        <test-method status="PASS" signature="closeapp()[pri:0, instance:Scripts.Testcase3@467aecef]" name="closeapp" is-config="true" duration-ms="789" started-at="2018-06-25T10:12:19Z" finished-at="2018-06-25T10:12:20Z">
          <reporter-output>
          </reporter-output>
        </test-method> <!-- closeapp -->
      </class> <!-- Scripts.Testcase3 -->
    </test> <!-- Test -->
  </suite> <!-- Suite -->
</testng-results>
